<?xml version="1.0" encoding="UTF-8"?>
<testng-results ignored="0" total="1" passed="1" failed="0" skipped="0">
  <reporter-output>
  </reporter-output>
  <suite started-at="2023-08-13T23:25:44 IST" name="Default suite" finished-at="2023-08-13T23:26:05 IST" duration-ms="21389">
    <groups>
    </groups>
    <test started-at="2023-08-13T23:25:44 IST" name="Default test" finished-at="2023-08-13T23:26:05 IST" duration-ms="21389">
      <class name="appium.Week8Assignment1">
        <test-method signature="firstTest()[pri:0, instance:appium.Week8Assignment1@10e92f8f]" started-at="2023-08-13T23:25:44 IST" name="firstTest" finished-at="2023-08-13T23:26:05 IST" duration-ms="21180" status="PASS">
          <reporter-output>
          </reporter-output>
        </test-method> <!-- firstTest -->
      </class> <!-- appium.Week8Assignment1 -->
    </test> <!-- Default test -->
  </suite> <!-- Default suite -->
</testng-results>
